mode: set
clean-arch/features/users/service/logic.go:15.70,17.24 2 1
clean-arch/features/users/service/logic.go:20.2,21.22 2 1
clean-arch/features/users/service/logic.go:24.2,24.12 1 1
clean-arch/features/users/service/logic.go:17.24,19.3 1 1
clean-arch/features/users/service/logic.go:21.22,23.3 1 1
clean-arch/features/users/service/logic.go:28.70,31.2 2 1
clean-arch/features/users/service/logic.go:33.80,36.2 2 1
clean-arch/features/users/service/logic.go:38.83,40.22 2 1
clean-arch/features/users/service/logic.go:43.2,43.12 1 1
clean-arch/features/users/service/logic.go:40.22,42.3 1 1
clean-arch/features/users/service/logic.go:46.59,48.22 2 1
clean-arch/features/users/service/logic.go:51.2,51.12 1 1
clean-arch/features/users/service/logic.go:48.22,50.3 1 1
clean-arch/features/users/service/logic.go:54.67,59.2 1 1
